Command: FastTreeMP -quiet -log /tmp/tmpme2cosxc/tdr_for_hmm.tre.log -out /tmp/tmpme2cosxc/tdr_for_hmm.tre /tmp/tmpme2cosxc/tdr_for_hmm_deduplicated_aligned.fasta
FastTree Version 2.1.10 Double precision (No SSE3), OpenMP (6 threads)
Alignment: /tmp/tmpme2cosxc/tdr_for_hmm_deduplicated_aligned.fasta
Amino acid distances: BLOSUM45 Joins: balanced Support: SH-like 1000
Search: Normal +NNI +SPR (2 rounds range 10) +ML-NNI opt-each=1
TopHits: 1.00*sqrtN close=default refresh=0.80
ML Model: Jones-Taylor-Thorton, CAT approximation with 20 rate categories
Read 4 sequences, 486 positions
NJ	(UniRef90_A0A3N0AZ23:0.006676162,UniRef90_F7V1S3:0.003394250,(UniRef90_M9P0B3:0.053628017,UniRef90_A0A3E2EHM9:0.181668696):0.039082121);
ME_NNI1	(UniRef90_A0A3N0AZ23:0.006676162,UniRef90_F7V1S3:0.003394250,(UniRef90_M9P0B3:0.053628017,UniRef90_A0A3E2EHM9:0.181668696):0.039082121);
Min_evolution NNIs converged at round 1 -- skipping some rounds
ME_SPR1	(UniRef90_A0A3N0AZ23:0.006676162,UniRef90_F7V1S3:0.003394250,(UniRef90_M9P0B3:0.053628017,UniRef90_A0A3E2EHM9:0.181668696):0.039082121);
ME_NNI3	(UniRef90_A0A3N0AZ23:0.006676162,UniRef90_F7V1S3:0.003394250,(UniRef90_M9P0B3:0.053628017,UniRef90_A0A3E2EHM9:0.181668696):0.039082121);
Min_evolution NNIs converged at round 3 -- skipping some rounds
ME_SPR2	(UniRef90_A0A3N0AZ23:0.006676162,UniRef90_F7V1S3:0.003394250,(UniRef90_M9P0B3:0.053628017,UniRef90_A0A3E2EHM9:0.181668696):0.039082121);
ME_NNI5	(UniRef90_A0A3N0AZ23:0.006676162,UniRef90_F7V1S3:0.003394250,(UniRef90_M9P0B3:0.053628017,UniRef90_A0A3E2EHM9:0.181668696):0.039082121);
Min_evolution NNIs converged at round 5 -- skipping some rounds
ME_Lengths	(UniRef90_A0A3N0AZ23:0.009123877,UniRef90_F7V1S3:0.004034023,(UniRef90_M9P0B3:0.074957988,UniRef90_A0A3E2EHM9:0.273789606):0.052345079);
Total branch-length 0.414 after 0.28 sec
ML_Lengths1	(UniRef90_A0A3N0AZ23:0.010211449,UniRef90_F7V1S3:0.002176446,(UniRef90_M9P0B3:0.085884199,UniRef90_A0A3E2EHM9:0.302388825):0.058628254);
ML_NNI1	(UniRef90_A0A3N0AZ23:0.010211449,UniRef90_F7V1S3:0.002176446,(UniRef90_M9P0B3:0.085640299,UniRef90_A0A3E2EHM9:0.302388825):0.058628254);
TreeLogLk	ML_NNI1	-2362.8774	MaxChange	0.0000
NCategories	20
Rates 0.069016 0.094601 0.129672 0.177745 0.243640 0.333964 0.457773 0.627481 0.860104 1.178967 1.616040 2.215147 3.036359 4.162014 5.704980 7.819962 10.719022 14.692838 20.139849 27.606207
SiteCategories 9 9 11 9 9 10 9 9 9 9 9 9 9 9 9 9 9 9 9 9 9 9 9 9 10 9 9 9 10 9 9 11 9 9 10 10 9 9 9 9 9 9 9 9 9 9 10 10 9 9 9 9 9 9 9 9 9 9 11 9 10 10 9 9 10 9 10 10 10 11 11 9 9 9 9 9 9 9 9 11 10 9 10 10 10 9 9 9 10 9 9 9 10 10 9 10 9 9 9 9 10 9 9 9 10 9 9 9 10 11 10 9 9 9 9 10 9 9 10 10 10 9 9 9 11 9 9 9 9 9 9 9 9 9 9 9 9 10 9 9 9 9 10 10 9 9 10 9 9 10 9 10 10 11 10 11 9 9 9 9 9 10 9 9 9 10 9 9 9 9 9 10 9 11 9 9 9 9 9 9 9 10 11 9 9 9 9 9 10 9 9 9 9 9 10 9 9 9 9 9 9 9 9 10 9 10 10 9 11 9 9 9 9 9 9 9 10 9 9 9 9 9 10 9 9 9 9 9 9 10 9 9 9 9 10 10 9 9 9 9 9 9 9 11 10 12 9 10 9 9 9 10 9 9 9 9 10 9 9 10 10 9 9 9 10 10 9 10 9 9 9 10 9 9 10 9 9 9 9 9 9 10 9 9 9 10 9 10 10 9 9 9 10 9 9 9 9 10 11 9 9 9 9 9 10 9 10 9 9 9 10 9 10 9 9 10 10 9 9 9 10 11 10 9 9 9 9 10 9 9 9 9 9 9 10 10 10 9 10 11 10 9 11 11 9 9 10 10 11 10 10 10 9 10 10 11 10 9 11 10 11 9 9 9 9 10 11 10 10 9 10 11 10 11 9 10 10 9 10 9 11 9 9 9 9 9 10 11 9 11 9 11 9 10 10 9 10 11 10 9 9 9 10 10 10 10 10 9 9 9 10 10 10 9 9 10 9 9 9 9 9 9 9 9 9 10 10 9 9 10 9 9 9 10 10 11 9 10 11 10 9 9 9 9 9 9 9 9 9 9 9 9 9 9 9 9 9 9 9 9 9 9 10 9 9 10 9 9 9 9 9 9 9 9 9 9 9 9 10 9 9 10 11 10 11 10
ML_NNI2	(UniRef90_A0A3N0AZ23:0.010233052,UniRef90_F7V1S3:0.002080147,(UniRef90_M9P0B3:0.087270685,UniRef90_A0A3E2EHM9:0.318691658):0.059625369);
TreeLogLk	ML_NNI2	-2303.7114	MaxChange	0.0000
Turning off heuristics for final round of ML NNIs (converged)
ML_NNI3	(UniRef90_A0A3N0AZ23:0.010261904,UniRef90_F7V1S3:0.002080147,(UniRef90_M9P0B3:0.087270685,UniRef90_A0A3E2EHM9:0.318691658):0.059089334);
TreeLogLk	ML_NNI3	-2303.7107	MaxChange	0.0000
ML_Lengths2	(UniRef90_A0A3N0AZ23:0.010261904,UniRef90_F7V1S3:0.002080147,(UniRef90_M9P0B3:0.087270685,UniRef90_A0A3E2EHM9:0.318691658):0.059089334);
TreeLogLk	ML_Lengths2	-2303.7107
Total time: 0.59 seconds Unique: 4/4 Bad splits: 0/1
Dist/N**2: by-profile 9.125 (out 0.438) by-leaf 1.562 avg-prof 2.375
 Hill-climb: 0 Update-best: 2
NNI: 0 SPR: 0 ML-NNI: 0
Max-lk operations: lk 1206 posterior 156 approximate-posteriors 0.00% star-only 0
TreeCompleted
